<?xml version="1.0" encoding="UTF-8"?>
<testsuite name="p3Test" tests="4" skipped="0" failures="0" errors="0" timestamp="2022-02-21T13:48:07" hostname="SANTIAGO" time="0.059">
  <properties/>
  <testcase name="verify1()" classname="p3Test" time="0.051"/>
  <testcase name="verify2()" classname="p3Test" time="0.001"/>
  <testcase name="verify3()" classname="p3Test" time="0.003"/>
  <testcase name="verify4()" classname="p3Test" time="0.001"/>
  <system-out><![CDATA[]]></system-out>
  <system-err><![CDATA[]]></system-err>
</testsuite>
